2025-07-02 20:09:05,661 - INFO - app - __get_assets_dir_path - Assets path configured: C:\Users\CHRONOiS\PycharmProjects\avrora2.0\src\assets
2025-07-02 20:09:05,665 - INFO - flet_socket_server - start - Starting up TCP server on localhost:49192
2025-07-02 20:09:05,671 - INFO - app - app_async - Flet app has started...
2025-07-02 20:09:05,683 - INFO - app - on_app_startup - App URL: tcp://localhost:49192
2025-07-02 20:09:05,683 - INFO - __init__ - __locate_and_unpack_flet_view - Starting Flet View app...
2025-07-02 20:09:05,683 - INFO - __init__ - __locate_and_unpack_flet_view - Looking for Flet executable at: C:\Users\CHRONOiS\PycharmProjects\avrora2.0\.venv\Lib\site-packages\flet_desktop\app\flet\flet.exe
2025-07-02 20:09:05,683 - INFO - __init__ - __locate_and_unpack_flet_view - Flet View found in: C:\Users\CHRONOiS\PycharmProjects\avrora2.0\.venv\Lib\site-packages\flet_desktop\app\flet\flet.exe
2025-07-02 20:09:05,915 - INFO - app - on_session_created - App session started
2025-07-02 20:09:05,915 - INFO - main - main - Application starting.
2025-07-02 20:09:05,915 - INFO - ui - __init__ - Initializing UI class.
2025-07-02 20:09:05,915 - INFO - ui - load_chat_history - Loading chat history from C:\Users\CHRONOiS\AppData\Roaming\Avrora\chat_history.json
2025-07-02 20:09:05,916 - INFO - ui - load_chat_history - Chat history file not found, starting with empty history.
2025-07-02 20:09:05,916 - INFO - main - main - UI instance created.
2025-07-02 20:09:05,983 - INFO - avroraCore - _load_settings - Settings file C:\Users\CHRONOiS\AppData\Roaming\Avrora\settings.json not found, using defaults.
2025-07-02 20:09:05,983 - INFO - avroraCore - _load_settings - Settings loaded: {'name': '', 'tgo': False, 'tgpath': '', 'music': 'https://music.youtube.com/', 'pcpower': False, 'city': '', 'num_headlines': 5, 'theme': 'dark'}
2025-07-02 20:09:05,988 - INFO - main - main - First launch: No name found in settings, showing first launch view.
2025-07-02 20:09:05,988 - INFO - ui - build_first_launch_view - Building first launch view.
2025-07-02 20:09:13,304 - INFO - ui - _handle_first_launch_submit - First launch submitted. User name set to: '\u0421\u0435\u0440'
2025-07-02 20:09:13,304 - INFO - avroraCore - save_settings - Saving settings to C:\Users\CHRONOiS\AppData\Roaming\Avrora\settings.json.
2025-07-02 20:09:13,308 - INFO - main - _start_app - Name provided, building main application UI.
2025-07-02 20:09:13,308 - INFO - ui - build_ui - Building main UI components.
2025-07-02 20:09:13,322 - INFO - avroraCore - _load_settings - Settings loaded: {'name': '\u0421\u0435\u0440', 'tgo': False, 'tgpath': '', 'music': 'https://music.youtube.com/', 'pcpower': False, 'city': '', 'num_headlines': 5, 'theme': 'dark'}
2025-07-02 20:09:13,324 - INFO - ui - build_info_table - Building info table.
2025-07-02 20:09:13,328 - INFO - ui - build_info_table - User commands table not found or corrupted. Will be created/overwritten from default.
2025-07-02 20:09:13,329 - INFO - ui - build_info_table - User commands table is outdated or missing. Updating from default.
2025-07-02 20:09:13,330 - INFO - ui - build_info_table - User commands table updated successfully.
2025-07-02 20:09:13,337 - INFO - ui - build_info_table - Info table built with 42 rows.
2025-07-02 20:09:13,462 - INFO - ui - build_ui - Main UI components built and added to page.
2025-07-02 20:09:13,463 - WARNING - ui - _apply_theme_colors - Color scheme not available yet. Deferring color application.
2025-07-02 20:09:13,489 - INFO - main - build_and_run_main_app - UI has been built.
2025-07-02 20:09:13,489 - WARNING - ui - _apply_theme_colors - Color scheme not available yet. Deferring color application.
2025-07-02 20:09:13,510 - INFO - main - start_app_flow - Sending initial greeting.
2025-07-02 20:09:13,510 - INFO - avroraCore - doSomething - Processing command: '\u0430\u0432\u0440\u043e\u0440\u0430 \u0432\u0456\u0442\u0430\u044e'
2025-07-02 20:09:13,654 - INFO - avroraCore - _load_settings - Settings loaded: {'name': '\u0421\u0435\u0440', 'tgo': False, 'tgpath': '', 'music': 'https://music.youtube.com/', 'pcpower': False, 'city': '', 'num_headlines': 5, 'theme': 'dark'}
2025-07-02 20:09:13,655 - INFO - avroraCore - what_command - Executing command logic for: '\u0432\u0456\u0442\u0430\u044e'
2025-07-02 20:09:13,655 - INFO - avroraCore - _ensure_file_exists - ToDo list file 'C:\Users\CHRONOiS\AppData\Roaming\Avrora\todoList.txt' not found. Creating.
2025-07-02 20:09:13,656 - INFO - avroraCore - what_command - Executing 'greeting' command.
2025-07-02 20:09:15,159 - INFO - ui - openInfo - Opening info menu.
2025-07-02 20:09:16,701 - INFO - ui - openInfo - Closing info menu.
2025-07-02 20:09:18,436 - INFO - avroraCore - doSomething - what_command returned: ans='0', message='\u0412\u0456\u0442\u0430\u044e, \u0421\u0435\u0440, \u0432\u0441\u0435 \u0433\u043e\u0442\u043e\u0432\u043e \u0434\u043e \u0440\u043e\u0431\u043e\u0442\u0438'
2025-07-02 20:09:18,562 - WARNING - ui - _create_chat_message - Using fallback colors: Color scheme not available
2025-07-02 20:09:18,697 - INFO - main - listen - Starting main listening loop.
2025-07-02 20:09:19,031 - INFO - avroraCore - _listen - Adjusting for ambient noise.
2025-07-02 20:09:19,825 - INFO - avroraCore - _listen - Listening for audio...
2025-07-02 20:09:23,146 - INFO - avroraCore - _listen - Audio captured, recognizing...
2025-07-02 20:09:24,413 - INFO - avroraCore - _listen - Adjusting for ambient noise.
2025-07-02 20:09:25,207 - INFO - avroraCore - _listen - Listening for audio...
2025-07-02 20:09:29,597 - INFO - avroraCore - _listen - Audio captured, recognizing...
2025-07-02 20:09:32,421 - INFO - avroraCore - _listen - Adjusting for ambient noise.
2025-07-02 20:09:33,215 - INFO - avroraCore - _listen - Listening for audio...
2025-07-02 20:09:35,653 - INFO - avroraCore - _listen - Audio captured, recognizing...
2025-07-02 20:09:36,541 - INFO - avroraCore - _listen - Adjusting for ambient noise.
2025-07-02 20:09:37,336 - INFO - avroraCore - _listen - Listening for audio...
2025-07-02 20:09:39,195 - INFO - avroraCore - _listen - Audio captured, recognizing...
2025-07-02 20:09:39,997 - INFO - avroraCore - _listen - Adjusting for ambient noise.
2025-07-02 20:09:40,791 - INFO - avroraCore - _listen - Listening for audio...
2025-07-02 20:09:42,670 - INFO - avroraCore - _listen - Audio captured, recognizing...
2025-07-02 20:09:43,552 - INFO - avroraCore - _listen - Adjusting for ambient noise.
2025-07-02 20:09:44,346 - INFO - avroraCore - _listen - Listening for audio...
2025-07-02 20:09:49,860 - INFO - avroraCore - _listen - Adjusting for ambient noise.
2025-07-02 20:09:50,670 - INFO - avroraCore - _listen - Listening for audio...
2025-07-02 20:09:55,059 - INFO - avroraCore - _listen - Audio captured, recognizing...
2025-07-02 20:09:55,908 - INFO - avroraCore - _listen - Adjusting for ambient noise.
2025-07-02 20:09:56,702 - INFO - avroraCore - _listen - Listening for audio...
2025-07-02 20:10:02,172 - INFO - avroraCore - _listen - Adjusting for ambient noise.
2025-07-02 20:10:02,966 - INFO - avroraCore - _listen - Listening for audio...
2025-07-02 20:10:07,124 - INFO - avroraCore - _listen - Audio captured, recognizing...
2025-07-02 20:10:07,866 - INFO - avroraCore - _listen - Adjusting for ambient noise.
2025-07-02 20:10:08,659 - INFO - avroraCore - _listen - Listening for audio...
2025-07-02 20:10:10,979 - INFO - avroraCore - _listen - Audio captured, recognizing...
2025-07-02 20:10:12,488 - INFO - avroraCore - _listen - Adjusting for ambient noise.
2025-07-02 20:10:13,286 - INFO - avroraCore - _listen - Listening for audio...
2025-07-02 20:10:19,412 - INFO - avroraCore - _listen - Adjusting for ambient noise.
2025-07-02 20:10:20,206 - INFO - avroraCore - _listen - Listening for audio...
